2026-02-21 13:35:38,875 [INFO] __main__ — Loading fixture data from DB: ...
2026-02-21 13:35:38,931 [INFO] __main__ — Loaded 10000 completed fixtures
2026-02-21 13:35:38,931 [INFO] __main__ — Fetching pre-calculated features from Store (US_031)...
2026-02-21 13:35:39,042 [WARNING] __main__ — Skipped 10000 fixtures (features missing in Store). Run 'Empower League' first to process these.
2026-02-21 13:35:39,042 [INFO] __main__ — Feature matrix: 0 rows, 0 columns
2026-02-21 13:35:39,042 [INFO] __main__ — === Training 1X2 model ===
Traceback (most recent call last):
  File "<frozen runpy>", line 198, in _run_module_as_main
  File "<frozen runpy>", line 88, in _run_code
  File "/Users/dominiqueparsis/statFootV3/ml-service/models/trainer.py", line 489, in <module>
    main()
  File "/Users/dominiqueparsis/statFootV3/ml-service/models/trainer.py", line 471, in main
    results["1x2"] = train_1x2(feature_matrix)
                     ^^^^^^^^^^^^^^^^^^^^^^^^^
  File "/Users/dominiqueparsis/statFootV3/ml-service/models/trainer.py", line 246, in train_1x2
    label_1x2, _ = _make_labels(feature_matrix)
                   ^^^^^^^^^^^^^^^^^^^^^^^^^^^^
  File "/Users/dominiqueparsis/statFootV3/ml-service/models/trainer.py", line 181, in _make_labels
    label_ou = (df["goals_home"] + df["goals_away"]).apply(
                ~~^^^^^^^^^^^^^^
  File "/Users/dominiqueparsis/statFootV3/ml-service/venv/lib/python3.11/site-packages/pandas/core/frame.py", line 4378, in __getitem__
    indexer = self.columns.get_loc(key)
              ^^^^^^^^^^^^^^^^^^^^^^^^^
  File "/Users/dominiqueparsis/statFootV3/ml-service/venv/lib/python3.11/site-packages/pandas/core/indexes/range.py", line 525, in get_loc
    raise KeyError(key)
KeyError: 'goals_home'
